Project: touchgfxstm32
Converter: Atollic TrueSTUDIO project converter
Date: 20190524

Post-build step might need some manual actions.
Warning: MCU STM32F429ZI matched multiple possible MCUs: [STM32F429ZITx, STM32F429ZIYx]
Unknown value type "" for id com.atollic.truestudio.as.general.incpath on tool com.atollic.truestudio.exe.debug.toolchain.as
Unknown value type "" for id com.atollic.truestudio.gcc.symbols.defined on tool com.atollic.truestudio.exe.debug.toolchain.as
Option com.atollic.truestudio.common_options.target.endianess is no longer supported
Option com.atollic.truestudio.common_options.target.instr_set is no longer supported
Unknown value type "" for id com.atollic.truestudio.common_options.target.interwork on tool com.atollic.truestudio.exe.debug.toolchain.gcc
Option com.atollic.truestudio.common_options.target.endianess is no longer supported
Option com.atollic.truestudio.common_options.target.instr_set is no longer supported
Option com.atollic.truestudio.common_options.target.endianess is no longer supported
Option com.atollic.truestudio.common_options.target.instr_set is no longer supported
Unknown value type "" for id com.atollic.truestudio.gpp.optimization.fno_rtti on tool com.atollic.truestudio.exe.debug.toolchain.gpp
Unknown value type "" for id com.atollic.truestudio.gpp.optimization.fno_exceptions on tool com.atollic.truestudio.exe.debug.toolchain.gpp
Option com.atollic.truestudio.common_options.target.endianess is no longer supported
Option com.atollic.truestudio.common_options.target.instr_set is no longer supported
Option com.atollic.truestudio.common_options.target.endianess is no longer supported
Option com.atollic.truestudio.common_options.target.instr_set is no longer supported
Post-build step might need some manual actions.
Warning: MCU STM32F429ZI matched multiple possible MCUs: [STM32F429ZITx, STM32F429ZIYx]
Unknown value type "" for id com.atollic.truestudio.as.general.incpath on tool com.atollic.truestudio.exe.release.toolchain.as
Unknown value type "" for id com.atollic.truestudio.gcc.symbols.defined on tool com.atollic.truestudio.exe.release.toolchain.as
Option com.atollic.truestudio.common_options.target.endianess is no longer supported
Option com.atollic.truestudio.common_options.target.instr_set is no longer supported
Unknown value type "" for id com.atollic.truestudio.common_options.target.interwork on tool com.atollic.truestudio.exe.release.toolchain.gcc
Option com.atollic.truestudio.common_options.target.endianess is no longer supported
Option com.atollic.truestudio.common_options.target.instr_set is no longer supported
Option com.atollic.truestudio.common_options.target.endianess is no longer supported
Option com.atollic.truestudio.common_options.target.instr_set is no longer supported
Unknown value type "" for id com.atollic.truestudio.gpp.optimization.fno_rtti on tool com.atollic.truestudio.exe.release.toolchain.gpp
Unknown value type "" for id com.atollic.truestudio.gpp.optimization.fno_exceptions on tool com.atollic.truestudio.exe.release.toolchain.gpp
Option com.atollic.truestudio.common_options.target.endianess is no longer supported
Option com.atollic.truestudio.common_options.target.instr_set is no longer supported
Option com.atollic.truestudio.common_options.target.endianess is no longer supported
Option com.atollic.truestudio.common_options.target.instr_set is no longer supported
